================================================================================
Executed at [2013 Feb 07 11:01:45 Thu]

--------------------------------------------------------------------------------
[dir] :E:\python\imageCompressByPIL\test\dir2
[2013 Feb 07 11:01:46 Thu]

[file]:E:\python\imageCompressByPIL\test\dir2\a.jpg
wide:200, hight:200

[file]:E:\python\imageCompressByPIL\test\dir2\肖申克.jpg
wide:200, hight:200

--------------------------------------------------------------------------------
[dir] :E:\python\imageCompressByPIL\test\dir3
[2013 Feb 07 11:01:46 Thu]

[file]:E:\python\imageCompressByPIL\test\dir3\383684_276741359043867_266986660019337_843587_591980692_n.jpg
wide:356, hight:356

================================================================================
Executed at [2013 Feb 07 22:20:27 Thu]

--------------------------------------------------------------------------------
[dir] :E:\python\imageCompressByPIL\test
[2013 Feb 07 22:20:27 Thu]

================================================================================
Executed at [2013 Feb 07 22:20:44 Thu]

--------------------------------------------------------------------------------
[dir] :E:\python\imageCompressByPIL\test
[2013 Feb 07 22:20:45 Thu]

================================================================================
Executed at [2013 Feb 07 22:23:04 Thu]

--------------------------------------------------------------------------------
[dir] :E:\python\imageCompressByPIL\test
[2013 Feb 07 22:23:04 Thu]

[file]:E:\python\imageCompressByPIL\test\383684_276741359043867_266986660019337_843587_591980692_n.jpg
wide:356, hight:356

--------------------------------------------------------------------------------
[dir] :E:\python\imageCompressByPIL\test\dir2
[2013 Feb 07 22:23:04 Thu]

[file]:E:\python\imageCompressByPIL\test\dir2\a.jpg
wide:200, hight:200

[file]:E:\python\imageCompressByPIL\test\dir2\肖申克.jpg
wide:200, hight:200

--------------------------------------------------------------------------------
[dir] :E:\python\imageCompressByPIL\test\dir3
[2013 Feb 07 22:23:04 Thu]

[file]:E:\python\imageCompressByPIL\test\dir3\383684_276741359043867_266986660019337_843587_591980692_n - 副本.jpg
wide:356, hight:356

[Finished in 2.8s]

================================================================================
Executed at [2013 Feb 07 22:25:03 Thu]

--------------------------------------------------------------------------------
[dir] :E:\python\imageCompressByPIL\test
[2013 Feb 07 22:25:03 Thu]

[file]:E:\python\imageCompressByPIL\test\383684_276741359043867_266986660019337_843587_591980692_n.jpg
wide:356, hight:356

--------------------------------------------------------------------------------
[dir] :E:\python\imageCompressByPIL\test\dir2
[2013 Feb 07 22:25:03 Thu]

[file]:E:\python\imageCompressByPIL\test\dir2\a.jpg
wide:200, hight:200

[file]:E:\python\imageCompressByPIL\test\dir2\肖申克.jpg
wide:200, hight:200

--------------------------------------------------------------------------------
[dir] :E:\python\imageCompressByPIL\test\dir3
[2013 Feb 07 22:25:03 Thu]

[file]:E:\python\imageCompressByPIL\test\dir3\383684_276741359043867_266986660019337_843587_591980692_n - 副本.jpg
wide:356, hight:356

[Finished in 2.1s]

================================================================================
Executed at [2013 Feb 07 22:25:37 Thu]

--------------------------------------------------------------------------------
[dir] :E:\python\imageCompressByPIL\test
[2013 Feb 07 22:25:38 Thu]

[file]:E:\python\imageCompressByPIL\test\383684_276741359043867_266986660019337_843587_591980692_n.jpg
wide:356, hight:356

--------------------------------------------------------------------------------
[dir] :E:\python\imageCompressByPIL\test\dir2
[2013 Feb 07 22:25:38 Thu]

[file]:E:\python\imageCompressByPIL\test\dir2\a.jpg
wide:200, hight:200

[file]:E:\python\imageCompressByPIL\test\dir2\肖申克.jpg
wide:200, hight:200

--------------------------------------------------------------------------------
[dir] :E:\python\imageCompressByPIL\test\dir3
[2013 Feb 07 22:25:38 Thu]

[file]:E:\python\imageCompressByPIL\test\dir3\383684_276741359043867_266986660019337_843587_591980692_n - 副本.jpg
wide:356, hight:356

[Finished in 1.2s]

================================================================================
Executed at [2013 Feb 07 22:26:28 Thu]

--------------------------------------------------------------------------------
[dir] :E:\python\imageCompressByPIL\test
[2013 Feb 07 22:26:28 Thu]

[file]:E:\python\imageCompressByPIL\test\383684_276741359043867_266986660019337_843587_591980692_n.jpg
wide:356, hight:356

--------------------------------------------------------------------------------
[dir] :E:\python\imageCompressByPIL\test\dir2
[2013 Feb 07 22:26:28 Thu]

[file]:E:\python\imageCompressByPIL\test\dir2\a.jpg
wide:200, hight:200

[file]:E:\python\imageCompressByPIL\test\dir2\肖申克.jpg
wide:200, hight:200

--------------------------------------------------------------------------------
[dir] :E:\python\imageCompressByPIL\test\dir3
[2013 Feb 07 22:26:28 Thu]

[file]:E:\python\imageCompressByPIL\test\dir3\383684_276741359043867_266986660019337_843587_591980692_n - 副本.jpg
wide:356, hight:356

[Finished in 1.7s]

================================================================================
Executed at [2013 Feb 07 22:30:40 Thu]

--------------------------------------------------------------------------------
[dir] :E:\python\imageCompressByPIL\test
[2013 Feb 07 22:30:41 Thu]

[file]:E:\python\imageCompressByPIL\test\383684_276741359043867_266986660019337_843587_591980692_n.jpg
wide:356, hight:356

--------------------------------------------------------------------------------
[dir] :E:\python\imageCompressByPIL\test\dir2
[2013 Feb 07 22:30:41 Thu]

[file]:E:\python\imageCompressByPIL\test\dir2\a.jpg
wide:200, hight:200

[file]:E:\python\imageCompressByPIL\test\dir2\肖申克.jpg
wide:200, hight:200

--------------------------------------------------------------------------------
[dir] :E:\python\imageCompressByPIL\test\dir3
[2013 Feb 07 22:30:41 Thu]

[file]:E:\python\imageCompressByPIL\test\dir3\383684_276741359043867_266986660019337_843587_591980692_n - 副本.jpg
wide:356, hight:356

[Finished in 2.2s]

================================================================================
Executed at [2013 Feb 07 22:30:45 Thu]

--------------------------------------------------------------------------------
[dir] :E:\python\imageCompressByPIL\test
[2013 Feb 07 22:30:45 Thu]

[file]:E:\python\imageCompressByPIL\test\383684_276741359043867_266986660019337_843587_591980692_n.jpg
wide:356, hight:356

--------------------------------------------------------------------------------
[dir] :E:\python\imageCompressByPIL\test\dir2
[2013 Feb 07 22:30:45 Thu]

[file]:E:\python\imageCompressByPIL\test\dir2\a.jpg
wide:200, hight:200

[file]:E:\python\imageCompressByPIL\test\dir2\肖申克.jpg
wide:200, hight:200

--------------------------------------------------------------------------------
[dir] :E:\python\imageCompressByPIL\test\dir3
[2013 Feb 07 22:30:45 Thu]

[file]:E:\python\imageCompressByPIL\test\dir3\383684_276741359043867_266986660019337_843587_591980692_n - 副本.jpg
wide:356, hight:356

[Finished in 2.1s]

